<?xml version="1.0" encoding="UTF-8"?>
<testng-results ignored="0" total="1" passed="1" failed="0" skipped="0">
  <reporter-output>
  </reporter-output>
  <suite started-at="2023-11-23T19:13:47 CST" name="Default suite" finished-at="2023-11-23T19:13:57 CST" duration-ms="10380">
    <groups>
    </groups>
    <test started-at="2023-11-23T19:13:47 CST" name="Default test" finished-at="2023-11-23T19:13:57 CST" duration-ms="10380">
      <class name="testNGSessionsLearning.loginPageTest">
        <test-method is-config="true" signature="loginBestBuyTest()[pri:0, instance:testNGSessionsLearning.loginPageTest@2e4b8173]" started-at="2023-11-23T19:13:47 CST" name="loginBestBuyTest" finished-at="2023-11-23T19:13:56 CST" duration-ms="9880" status="PASS">
          <reporter-output>
          </reporter-output>
        </test-method> <!-- loginBestBuyTest -->
        <test-method signature="searchExistsTest()[pri:0, instance:testNGSessionsLearning.loginPageTest@2e4b8173]" started-at="2023-11-23T19:13:56 CST" name="searchExistsTest" finished-at="2023-11-23T19:13:57 CST" duration-ms="187" status="PASS">
          <reporter-output>
          </reporter-output>
        </test-method> <!-- searchExistsTest -->
        <test-method is-config="true" signature="AfterMethodLogin()[pri:0, instance:testNGSessionsLearning.loginPageTest@2e4b8173]" started-at="2023-11-23T19:13:57 CST" name="AfterMethodLogin" finished-at="2023-11-23T19:13:57 CST" duration-ms="279" status="PASS">
          <reporter-output>
          </reporter-output>
        </test-method> <!-- AfterMethodLogin -->
      </class> <!-- testNGSessionsLearning.loginPageTest -->
    </test> <!-- Default test -->
  </suite> <!-- Default suite -->
</testng-results>
